--------------- Build Started: 03/26/2015 00:51:04 Project: Car, Configuration: DP8051 Keil 9.51 Debug ---------------
cydsfit.exe -.appdatapath "C:\Users\Edgar\AppData\Local\Cypress Semiconductor\PSoC Creator\3.1" -.fdsnotice -.fdswarpdepfile=warp_dependencies.txt -.fdselabdepfile=elab_dependencies.txt -.fdsbldfile=generated_files.txt -p "C:\Users\Edgar\OneDrive\2014\Princeton 2014\Second Semester\ele302\ELE302-Carlab\Design02\Car.cydsn\Car.cyprj" -d CY8C3866AXI-040 -s "C:\Users\Edgar\OneDrive\2014\Princeton 2014\Second Semester\ele302\ELE302-Carlab\Design02\Car.cydsn\Generated_Source\PSoC3" -- -yv2 -q10 -ygs -o2 -v3 -.fftcfgtype=BE
Elaborating Design...
HDL Generation ...
Synthesis ...
Place and Route ...
Tech mapping ...
Analog Placement ...
Log: apr.M0058: The analog placement iterative improvement is 33% done. (App=cydsfit)
Log: apr.M0058: The analog placement iterative improvement is 69% done. (App=cydsfit)
Analog Routing ...
Analog Code Generation ...
Digital Placement ...
Digital Routing ...
Bitstream Generation ...
Static timing analysis ...
Warning: sta.M0021: Car_timing.html: Warning-1350: Asynchronous path(s) exist from "VID_COMPARE_CLK(fixed-function)" to "CyBUS_CLK". See the timing report for details. (File=C:\Users\Edgar\OneDrive\2014\Princeton 2014\Second Semester\ele302\ELE302-Carlab\Design02\Car.cydsn\Car_timing.html)
API Generation ...
Dependency Generation ...
Clean Temporary Files ...
c51.exe .\main.c NOIV LARGE MODDP2 OMF2 VB(1) NOIP "INCDIR(., .\Generated_Source\PSoC3)" FF(3) DB DF(DEBUG) WL(2) PR(.\DP8051\DP8051_Keil_951\Debug/main.lst) CD "OT(2, Size)" OJ(.\DP8051\DP8051_Keil_951\Debug\main.obj)
c51.exe .\Generated_Source\PSoC3\cyfitter_cfg.c NOIV LARGE MODDP2 OMF2 VB(1) NOIP "INCDIR(., .\Generated_Source\PSoC3)" FF(3) DB DF(DEBUG) WL(2) PR(.\DP8051\DP8051_Keil_951\Debug/cyfitter_cfg.lst) CD "OT(2, Size)" OJ(.\DP8051\DP8051_Keil_951\Debug\cyfitter_cfg.obj)
c51.exe .\Generated_Source\PSoC3\HE_ISR.c NOIV LARGE MODDP2 OMF2 VB(1) NOIP "INCDIR(., .\Generated_Source\PSoC3)" FF(3) DB DF(DEBUG) WL(2) PR(.\DP8051\DP8051_Keil_951\Debug/HE_ISR.lst) CD "OT(2, Size)" OJ(.\DP8051\DP8051_Keil_951\Debug\HE_ISR.obj)
Ax51.exe .\Generated_Source\PSoC3\CyBootAsmKeil.a51 CASE EP "INCDIR(., .\Generated_Source\PSoC3)" DB MACRO DF(DEBUG) NOCO PR(.\DP8051\DP8051_Keil_951\Debug/CyBootAsmKeil.lst) OJ(.\DP8051\DP8051_Keil_951\Debug\CyBootAsmKeil.obj)
c51.exe .\Generated_Source\PSoC3\CyDmac.c NOIV LARGE MODDP2 OMF2 VB(1) NOIP "INCDIR(., .\Generated_Source\PSoC3)" FF(3) DB DF(DEBUG) WL(2) PR(.\DP8051\DP8051_Keil_951\Debug/CyDmac.lst) CD "OT(2, Size)" OJ(.\DP8051\DP8051_Keil_951\Debug\CyDmac.obj)
c51.exe .\Generated_Source\PSoC3\CyFlash.c NOIV LARGE MODDP2 OMF2 VB(1) NOIP "INCDIR(., .\Generated_Source\PSoC3)" FF(3) DB DF(DEBUG) WL(2) PR(.\DP8051\DP8051_Keil_951\Debug/CyFlash.lst) CD "OT(2, Size)" OJ(.\DP8051\DP8051_Keil_951\Debug\CyFlash.obj)
c51.exe .\Generated_Source\PSoC3\CyLib.c NOIV LARGE MODDP2 OMF2 VB(1) NOIP "INCDIR(., .\Generated_Source\PSoC3)" FF(3) DB DF(DEBUG) WL(2) PR(.\DP8051\DP8051_Keil_951\Debug/CyLib.lst) CD "OT(2, Size)" OJ(.\DP8051\DP8051_Keil_951\Debug\CyLib.obj)
c51.exe .\Generated_Source\PSoC3\cyPm.c NOIV LARGE MODDP2 OMF2 VB(1) NOIP "INCDIR(., .\Generated_Source\PSoC3)" FF(3) DB DF(DEBUG) WL(2) PR(.\DP8051\DP8051_Keil_951\Debug/cyPm.lst) CD "OT(2, Size)" OJ(.\DP8051\DP8051_Keil_951\Debug\cyPm.obj)
c51.exe .\Generated_Source\PSoC3\CySpc.c NOIV LARGE MODDP2 OMF2 VB(1) NOIP "INCDIR(., .\Generated_Source\PSoC3)" FF(3) DB DF(DEBUG) WL(2) PR(.\DP8051\DP8051_Keil_951\Debug/CySpc.lst) CD "OT(2, Size)" OJ(.\DP8051\DP8051_Keil_951\Debug\CySpc.obj)
c51.exe .\Generated_Source\PSoC3\cyutils.c NOIV LARGE MODDP2 OMF2 VB(1) NOIP "INCDIR(., .\Generated_Source\PSoC3)" FF(3) DB DF(DEBUG) WL(2) PR(.\DP8051\DP8051_Keil_951\Debug/cyutils.lst) CD "OT(2, Size)" OJ(.\DP8051\DP8051_Keil_951\Debug\cyutils.obj)
Ax51.exe .\Generated_Source\PSoC3\KeilStart.a51 CASE EP "INCDIR(., .\Generated_Source\PSoC3)" DB MACRO DF(DEBUG) NOCO PR(.\DP8051\DP8051_Keil_951\Debug/KeilStart.lst) OJ(.\DP8051\DP8051_Keil_951\Debug\KeilStart.obj)
c51.exe .\Generated_Source\PSoC3\LCD.c NOIV LARGE MODDP2 OMF2 VB(1) NOIP "INCDIR(., .\Generated_Source\PSoC3)" FF(3) DB DF(DEBUG) WL(2) PR(.\DP8051\DP8051_Keil_951\Debug/LCD.lst) CD "OT(2, Size)" OJ(.\DP8051\DP8051_Keil_951\Debug\LCD.obj)
c51.exe .\Generated_Source\PSoC3\LCD_PM.c NOIV LARGE MODDP2 OMF2 VB(1) NOIP "INCDIR(., .\Generated_Source\PSoC3)" FF(3) DB DF(DEBUG) WL(2) PR(.\DP8051\DP8051_Keil_951\Debug/LCD_PM.lst) CD "OT(2, Size)" OJ(.\DP8051\DP8051_Keil_951\Debug\LCD_PM.obj)
c51.exe .\Generated_Source\PSoC3\LCD_LCDPort.c NOIV LARGE MODDP2 OMF2 VB(1) NOIP "INCDIR(., .\Generated_Source\PSoC3)" FF(3) DB DF(DEBUG) WL(2) PR(.\DP8051\DP8051_Keil_951\Debug/LCD_LCDPort.lst) CD "OT(2, Size)" OJ(.\DP8051\DP8051_Keil_951\Debug\LCD_LCDPort.obj)
c51.exe .\Generated_Source\PSoC3\HE_IN_PIN.c NOIV LARGE MODDP2 OMF2 VB(1) NOIP "INCDIR(., .\Generated_Source\PSoC3)" FF(3) DB DF(DEBUG) WL(2) PR(.\DP8051\DP8051_Keil_951\Debug/HE_IN_PIN.lst) CD "OT(2, Size)" OJ(.\DP8051\DP8051_Keil_951\Debug\HE_IN_PIN.obj)
c51.exe .\Generated_Source\PSoC3\PWM_OUT_PIN.c NOIV LARGE MODDP2 OMF2 VB(1) NOIP "INCDIR(., .\Generated_Source\PSoC3)" FF(3) DB DF(DEBUG) WL(2) PR(.\DP8051\DP8051_Keil_951\Debug/PWM_OUT_PIN.lst) CD "OT(2, Size)" OJ(.\DP8051\DP8051_Keil_951\Debug\PWM_OUT_PIN.obj)
c51.exe .\Generated_Source\PSoC3\HE_TIMER.c NOIV LARGE MODDP2 OMF2 VB(1) NOIP "INCDIR(., .\Generated_Source\PSoC3)" FF(3) DB DF(DEBUG) WL(2) PR(.\DP8051\DP8051_Keil_951\Debug/HE_TIMER.lst) CD "OT(2, Size)" OJ(.\DP8051\DP8051_Keil_951\Debug\HE_TIMER.obj)
c51.exe .\Generated_Source\PSoC3\HE_TIMER_PM.c NOIV LARGE MODDP2 OMF2 VB(1) NOIP "INCDIR(., .\Generated_Source\PSoC3)" FF(3) DB DF(DEBUG) WL(2) PR(.\DP8051\DP8051_Keil_951\Debug/HE_TIMER_PM.lst) CD "OT(2, Size)" OJ(.\DP8051\DP8051_Keil_951\Debug\HE_TIMER_PM.obj)
c51.exe .\Generated_Source\PSoC3\HE_TIMER_CLK.c NOIV LARGE MODDP2 OMF2 VB(1) NOIP "INCDIR(., .\Generated_Source\PSoC3)" FF(3) DB DF(DEBUG) WL(2) PR(.\DP8051\DP8051_Keil_951\Debug/HE_TIMER_CLK.lst) CD "OT(2, Size)" OJ(.\DP8051\DP8051_Keil_951\Debug\HE_TIMER_CLK.obj)
c51.exe .\Generated_Source\PSoC3\COM_SYNC_OUT_PIN.c NOIV LARGE MODDP2 OMF2 VB(1) NOIP "INCDIR(., .\Generated_Source\PSoC3)" FF(3) DB DF(DEBUG) WL(2) PR(.\DP8051\DP8051_Keil_951\Debug/COM_SYNC_OUT_PIN.lst) CD "OT(2, Size)" OJ(.\DP8051\DP8051_Keil_951\Debug\COM_SYNC_OUT_PIN.obj)
c51.exe .\Generated_Source\PSoC3\COM_VID_IN_PIN.c NOIV LARGE MODDP2 OMF2 VB(1) NOIP "INCDIR(., .\Generated_Source\PSoC3)" FF(3) DB DF(DEBUG) WL(2) PR(.\DP8051\DP8051_Keil_951\Debug/COM_VID_IN_PIN.lst) CD "OT(2, Size)" OJ(.\DP8051\DP8051_Keil_951\Debug\COM_VID_IN_PIN.obj)
c51.exe .\Generated_Source\PSoC3\MOTOR_PWM.c NOIV LARGE MODDP2 OMF2 VB(1) NOIP "INCDIR(., .\Generated_Source\PSoC3)" FF(3) DB DF(DEBUG) WL(2) PR(.\DP8051\DP8051_Keil_951\Debug/MOTOR_PWM.lst) CD "OT(2, Size)" OJ(.\DP8051\DP8051_Keil_951\Debug\MOTOR_PWM.obj)
c51.exe .\Generated_Source\PSoC3\MOTOR_PWM_PM.c NOIV LARGE MODDP2 OMF2 VB(1) NOIP "INCDIR(., .\Generated_Source\PSoC3)" FF(3) DB DF(DEBUG) WL(2) PR(.\DP8051\DP8051_Keil_951\Debug/MOTOR_PWM_PM.lst) CD "OT(2, Size)" OJ(.\DP8051\DP8051_Keil_951\Debug\MOTOR_PWM_PM.obj)
c51.exe .\Generated_Source\PSoC3\MOTOR_PWM_CLK.c NOIV LARGE MODDP2 OMF2 VB(1) NOIP "INCDIR(., .\Generated_Source\PSoC3)" FF(3) DB DF(DEBUG) WL(2) PR(.\DP8051\DP8051_Keil_951\Debug/MOTOR_PWM_CLK.lst) CD "OT(2, Size)" OJ(.\DP8051\DP8051_Keil_951\Debug\MOTOR_PWM_CLK.obj)
c51.exe .\Generated_Source\PSoC3\STEERING_PWM_OUT_PIN.c NOIV LARGE MODDP2 OMF2 VB(1) NOIP "INCDIR(., .\Generated_Source\PSoC3)" FF(3) DB DF(DEBUG) WL(2) PR(.\DP8051\DP8051_Keil_951\Debug/STEERING_PWM_OUT_PIN.lst) CD "OT(2, Size)" OJ(.\DP8051\DP8051_Keil_951\Debug\STEERING_PWM_OUT_PIN.obj)
c51.exe .\Generated_Source\PSoC3\STEERING_PWM.c NOIV LARGE MODDP2 OMF2 VB(1) NOIP "INCDIR(., .\Generated_Source\PSoC3)" FF(3) DB DF(DEBUG) WL(2) PR(.\DP8051\DP8051_Keil_951\Debug/STEERING_PWM.lst) CD "OT(2, Size)" OJ(.\DP8051\DP8051_Keil_951\Debug\STEERING_PWM.obj)
c51.exe .\Generated_Source\PSoC3\STEERING_PWM_PM.c NOIV LARGE MODDP2 OMF2 VB(1) NOIP "INCDIR(., .\Generated_Source\PSoC3)" FF(3) DB DF(DEBUG) WL(2) PR(.\DP8051\DP8051_Keil_951\Debug/STEERING_PWM_PM.lst) CD "OT(2, Size)" OJ(.\DP8051\DP8051_Keil_951\Debug\STEERING_PWM_PM.obj)
c51.exe .\Generated_Source\PSoC3\STEERING_PWM_CLK.c NOIV LARGE MODDP2 OMF2 VB(1) NOIP "INCDIR(., .\Generated_Source\PSoC3)" FF(3) DB DF(DEBUG) WL(2) PR(.\DP8051\DP8051_Keil_951\Debug/STEERING_PWM_CLK.lst) CD "OT(2, Size)" OJ(.\DP8051\DP8051_Keil_951\Debug\STEERING_PWM_CLK.obj)
c51.exe .\Generated_Source\PSoC3\VERT_SYNC_OUT_PIN.c NOIV LARGE MODDP2 OMF2 VB(1) NOIP "INCDIR(., .\Generated_Source\PSoC3)" FF(3) DB DF(DEBUG) WL(2) PR(.\DP8051\DP8051_Keil_951\Debug/VERT_SYNC_OUT_PIN.lst) CD "OT(2, Size)" OJ(.\DP8051\DP8051_Keil_951\Debug\VERT_SYNC_OUT_PIN.obj)
c51.exe .\Generated_Source\PSoC3\LINE_COUNTER.c NOIV LARGE MODDP2 OMF2 VB(1) NOIP "INCDIR(., .\Generated_Source\PSoC3)" FF(3) DB DF(DEBUG) WL(2) PR(.\DP8051\DP8051_Keil_951\Debug/LINE_COUNTER.lst) CD "OT(2, Size)" OJ(.\DP8051\DP8051_Keil_951\Debug\LINE_COUNTER.obj)
c51.exe .\Generated_Source\PSoC3\LINE_COUNTER_PM.c NOIV LARGE MODDP2 OMF2 VB(1) NOIP "INCDIR(., .\Generated_Source\PSoC3)" FF(3) DB DF(DEBUG) WL(2) PR(.\DP8051\DP8051_Keil_951\Debug/LINE_COUNTER_PM.lst) CD "OT(2, Size)" OJ(.\DP8051\DP8051_Keil_951\Debug\LINE_COUNTER_PM.obj)
c51.exe .\Generated_Source\PSoC3\VID_COMPARE_CLK.c NOIV LARGE MODDP2 OMF2 VB(1) NOIP "INCDIR(., .\Generated_Source\PSoC3)" FF(3) DB DF(DEBUG) WL(2) PR(.\DP8051\DP8051_Keil_951\Debug/VID_COMPARE_CLK.lst) CD "OT(2, Size)" OJ(.\DP8051\DP8051_Keil_951\Debug\VID_COMPARE_CLK.obj)
c51.exe .\Generated_Source\PSoC3\VID_COMPARE.c NOIV LARGE MODDP2 OMF2 VB(1) NOIP "INCDIR(., .\Generated_Source\PSoC3)" FF(3) DB DF(DEBUG) WL(2) PR(.\DP8051\DP8051_Keil_951\Debug/VID_COMPARE.lst) CD "OT(2, Size)" OJ(.\DP8051\DP8051_Keil_951\Debug\VID_COMPARE.obj)
c51.exe .\Generated_Source\PSoC3\VID_COMPARE_PM.c NOIV LARGE MODDP2 OMF2 VB(1) NOIP "INCDIR(., .\Generated_Source\PSoC3)" FF(3) DB DF(DEBUG) WL(2) PR(.\DP8051\DP8051_Keil_951\Debug/VID_COMPARE_PM.lst) CD "OT(2, Size)" OJ(.\DP8051\DP8051_Keil_951\Debug\VID_COMPARE_PM.obj)
c51.exe .\Generated_Source\PSoC3\VID_VDAC.c NOIV LARGE MODDP2 OMF2 VB(1) NOIP "INCDIR(., .\Generated_Source\PSoC3)" FF(3) DB DF(DEBUG) WL(2) PR(.\DP8051\DP8051_Keil_951\Debug/VID_VDAC.lst) CD "OT(2, Size)" OJ(.\DP8051\DP8051_Keil_951\Debug\VID_VDAC.obj)
c51.exe .\Generated_Source\PSoC3\VID_VDAC_PM.c NOIV LARGE MODDP2 OMF2 VB(1) NOIP "INCDIR(., .\Generated_Source\PSoC3)" FF(3) DB DF(DEBUG) WL(2) PR(.\DP8051\DP8051_Keil_951\Debug/VID_VDAC_PM.lst) CD "OT(2, Size)" OJ(.\DP8051\DP8051_Keil_951\Debug\VID_VDAC_PM.obj)
c51.exe .\Generated_Source\PSoC3\SECOND_LINE_IN_FRAME_ISR.c NOIV LARGE MODDP2 OMF2 VB(1) NOIP "INCDIR(., .\Generated_Source\PSoC3)" FF(3) DB DF(DEBUG) WL(2) PR(.\DP8051\DP8051_Keil_951\Debug/SECOND_LINE_IN_FRAME_ISR.lst) CD "OT(2, Size)" OJ(.\DP8051\DP8051_Keil_951\Debug\SECOND_LINE_IN_FRAME_ISR.obj)
c51.exe .\Generated_Source\PSoC3\FIRST_LINE_IN_FRAME_ISR.c NOIV LARGE MODDP2 OMF2 VB(1) NOIP "INCDIR(., .\Generated_Source\PSoC3)" FF(3) DB DF(DEBUG) WL(2) PR(.\DP8051\DP8051_Keil_951\Debug/FIRST_LINE_IN_FRAME_ISR.lst) CD "OT(2, Size)" OJ(.\DP8051\DP8051_Keil_951\Debug\FIRST_LINE_IN_FRAME_ISR.obj)
c51.exe .\Generated_Source\PSoC3\BLACK_POSITION_TIMER.c NOIV LARGE MODDP2 OMF2 VB(1) NOIP "INCDIR(., .\Generated_Source\PSoC3)" FF(3) DB DF(DEBUG) WL(2) PR(.\DP8051\DP8051_Keil_951\Debug/BLACK_POSITION_TIMER.lst) CD "OT(2, Size)" OJ(.\DP8051\DP8051_Keil_951\Debug\BLACK_POSITION_TIMER.obj)
c51.exe .\Generated_Source\PSoC3\BLACK_POSITION_TIMER_PM.c NOIV LARGE MODDP2 OMF2 VB(1) NOIP "INCDIR(., .\Generated_Source\PSoC3)" FF(3) DB DF(DEBUG) WL(2) PR(.\DP8051\DP8051_Keil_951\Debug/BLACK_POSITION_TIMER_PM.lst) CD "OT(2, Size)" OJ(.\DP8051\DP8051_Keil_951\Debug\BLACK_POSITION_TIMER_PM.obj)
c51.exe .\Generated_Source\PSoC3\FIRST_BLACK_PIXEL_READ_ISR.c NOIV LARGE MODDP2 OMF2 VB(1) NOIP "INCDIR(., .\Generated_Source\PSoC3)" FF(3) DB DF(DEBUG) WL(2) PR(.\DP8051\DP8051_Keil_951\Debug/FIRST_BLACK_PIXEL_READ_ISR.lst) CD "OT(2, Size)" OJ(.\DP8051\DP8051_Keil_951\Debug\FIRST_BLACK_PIXEL_READ_ISR.obj)
c51.exe .\Generated_Source\PSoC3\COMPARE_OUT.c NOIV LARGE MODDP2 OMF2 VB(1) NOIP "INCDIR(., .\Generated_Source\PSoC3)" FF(3) DB DF(DEBUG) WL(2) PR(.\DP8051\DP8051_Keil_951\Debug/COMPARE_OUT.lst) CD "OT(2, Size)" OJ(.\DP8051\DP8051_Keil_951\Debug\COMPARE_OUT.obj)
LIBX51.exe TRANSFER '.\DP8051\DP8051_Keil_951\Debug\cyfitter_cfg.obj', '.\DP8051\DP8051_Keil_951\Debug\HE_ISR.obj', '.\DP8051\DP8051_Keil_951\Debug\CyBootAsmKeil.obj', '.\DP8051\DP8051_Keil_951\Debug\CyDmac.obj', '.\DP8051\DP8051_Keil_951\Debug\CyFlash.obj', '.\DP8051\DP8051_Keil_951\Debug\CyLib.obj', '.\DP8051\DP8051_Keil_951\Debug\cymem.obj', '.\DP8051\DP8051_Keil_951\Debug\cyPm.obj', '.\DP8051\DP8051_Keil_951\Debug\CySpc.obj', '.\DP8051\DP8051_Keil_951\Debug\cyutils.obj', '.\DP8051\DP8051_Keil_951\Debug\KeilStart.obj', '.\DP8051\DP8051_Keil_951\Debug\LCD.obj', '.\DP8051\DP8051_Keil_951\Debug\LCD_PM.obj', '.\DP8051\DP8051_Keil_951\Debug\LCD_LCDPort.obj', '.\DP8051\DP8051_Keil_951\Debug\HE_IN_PIN.obj', '.\DP8051\DP8051_Keil_951\Debug\PWM_OUT_PIN.obj', '.\DP8051\DP8051_Keil_951\Debug\HE_TIMER.obj', '.\DP8051\DP8051_Keil_951\Debug\HE_TIMER_PM.obj', '.\DP8051\DP8051_Keil_951\Debug\HE_TIMER_CLK.obj', '.\DP8051\DP8051_Keil_951\Debug\COM_SYNC_OUT_PIN.obj', '.\DP8051\DP8051_Keil_951\Debug\COM_VID_IN_PIN.obj', '.\DP8051\DP8051_Keil_951\Debug\MOTOR_PWM.obj', '.\DP8051\DP8051_Keil_951\Debug\MOTOR_PWM_PM.obj', '.\DP8051\DP8051_Keil_951\Debug\MOTOR_PWM_CLK.obj', '.\DP8051\DP8051_Keil_951\Debug\STEERING_PWM_OUT_PIN.obj', '.\DP8051\DP8051_Keil_951\Debug\STEERING_PWM.obj', '.\DP8051\DP8051_Keil_951\Debug\STEERING_PWM_PM.obj', '.\DP8051\DP8051_Keil_951\Debug\STEERING_PWM_CLK.obj', '.\DP8051\DP8051_Keil_951\Debug\VERT_SYNC_OUT_PIN.obj', '.\DP8051\DP8051_Keil_951\Debug\LINE_COUNTER.obj', '.\DP8051\DP8051_Keil_951\Debug\LINE_COUNTER_PM.obj', '.\DP8051\DP8051_Keil_951\Debug\VID_COMPARE_CLK.obj', '.\DP8051\DP8051_Keil_951\Debug\VID_COMPARE.obj', '.\DP8051\DP8051_Keil_951\Debug\VID_COMPARE_PM.obj', '.\DP8051\DP8051_Keil_951\Debug\VID_VDAC.obj', '.\DP8051\DP8051_Keil_951\Debug\VID_VDAC_PM.obj', '.\DP8051\DP8051_Keil_951\Debug\SECOND_LINE_IN_FRAME_ISR.obj', '.\DP8051\DP8051_Keil_951\Debug\FIRST_LINE_IN_FRAME_ISR.obj', '.\DP8051\DP8051_Keil_951\Debug\BLACK_POSITION_TIMER.obj', '.\DP8051\DP8051_Keil_951\Debug\BLACK_POSITION_TIMER_PM.obj', '.\DP8051\DP8051_Keil_951\Debug\FIRST_BLACK_PIXEL_READ_ISR.obj', '.\DP8051\DP8051_Keil_951\Debug\COMPARE_OUT.obj' TO '.\DP8051\DP8051_Keil_951\Debug\Car.lib'
LX51.exe '.\DP8051\DP8051_Keil_951\Debug\main.obj', '.\DP8051\DP8051_Keil_951\Debug\Car.lib', 'C:\Program Files (x86)\Cypress\PSoC Creator\3.1\PSoC Creator\psoc\content\cycomponentlibrary\CyComponentLibrary.cylib\DP8051\DP8051_Keil_951\Debug\CyComponentLibrary.lib' TO '.\DP8051\DP8051_Keil_951\Debug\Car.omf' CODE RU RC(10) DW(16) WL(2) PR(.\DP8051\DP8051_Keil_951\Debug/Car.map) IX CL(XDATA(X:0x0000-X:0x1FFF)) CL(CODE(C:0x0000-C:0xFFFF)) CL(CONST(C:0x0000-C:0xFFFF))
*** WARNING L15: MULTIPLE CALL TO FUNCTION
    NAME:    _LCD_WRITECONTROL/LCD
    CALLER1: FIRST_LINE_IN_FRAME_INTER/MAIN
    CALLER2: SECOND_LINE_IN_FRAME_INTER/MAIN
*** WARNING L15: MULTIPLE CALL TO FUNCTION
    NAME:    LCD_ISREADY/LCD
    CALLER1: FIRST_LINE_IN_FRAME_INTER/MAIN
    CALLER2: SECOND_LINE_IN_FRAME_INTER/MAIN
*** WARNING L15: MULTIPLE CALL TO FUNCTION
    NAME:    _LCD_WRCNTRLNIB/LCD
    CALLER1: FIRST_LINE_IN_FRAME_INTER/MAIN
    CALLER2: SECOND_LINE_IN_FRAME_INTER/MAIN
*** WARNING L15: MULTIPLE CALL TO FUNCTION
    NAME:    _LCD_PRINTSTRING/LCD
    CALLER1: FIRST_LINE_IN_FRAME_INTER/MAIN
    CALLER2: SECOND_LINE_IN_FRAME_INTER/MAIN
*** WARNING L15: MULTIPLE CALL TO FUNCTION
    NAME:    _LCD_WRITEDATA/LCD
    CALLER1: FIRST_LINE_IN_FRAME_INTER/MAIN
    CALLER2: SECOND_LINE_IN_FRAME_INTER/MAIN
*** WARNING L15: MULTIPLE CALL TO FUNCTION
    NAME:    _LCD_WRDATNIB/LCD
    CALLER1: FIRST_LINE_IN_FRAME_INTER/MAIN
    CALLER2: SECOND_LINE_IN_FRAME_INTER/MAIN
*** WARNING L15: MULTIPLE CALL TO FUNCTION
    NAME:    BLACK_POSITION_TIMER_INIT/BLACK_POSITION_TIMER
    CALLER1: FIRST_LINE_IN_FRAME_INTER/MAIN
    CALLER2: SECOND_LINE_IN_FRAME_INTER/MAIN
*** WARNING L15: MULTIPLE CALL TO FUNCTION
    NAME:    _BLACK_POSITION_TIMER_WRITEPERIOD/BLACK_POSITION_TIMER
    CALLER1: FIRST_LINE_IN_FRAME_INTER/MAIN
    CALLER2: SECOND_LINE_IN_FRAME_INTER/MAIN
*** WARNING L15: MULTIPLE CALL TO FUNCTION
    NAME:    _BLACK_POSITION_TIMER_WRITECOUNTER/BLACK_POSITION_TIMER
    CALLER1: FIRST_LINE_IN_FRAME_INTER/MAIN
    CALLER2: SECOND_LINE_IN_FRAME_INTER/MAIN
*** WARNING L15: MULTIPLE CALL TO FUNCTION
    NAME:    _BLACK_POSITION_TIMER_SETINTERRUPTCOUNT/BLACK_POSITION_TIMER
    CALLER1: FIRST_LINE_IN_FRAME_INTER/MAIN
    CALLER2: SECOND_LINE_IN_FRAME_INTER/MAIN
*** WARNING L15: MULTIPLE CALL TO FUNCTION
    NAME:    _BLACK_POSITION_TIMER_SETINTERRUPTMODE/BLACK_POSITION_TIMER
    CALLER1: FIRST_LINE_IN_FRAME_INTER/MAIN
    CALLER2: SECOND_LINE_IN_FRAME_INTER/MAIN
*** WARNING L15: MULTIPLE CALL TO FUNCTION
    NAME:    _LCD_WRITECONTROL/LCD
    CALLER1: SECOND_LINE_IN_FRAME_INTER/MAIN
    CALLER2: HE_INTER/MAIN
*** WARNING L15: MULTIPLE CALL TO FUNCTION
    NAME:    LCD_ISREADY/LCD
    CALLER1: SECOND_LINE_IN_FRAME_INTER/MAIN
    CALLER2: HE_INTER/MAIN
*** WARNING L15: MULTIPLE CALL TO FUNCTION
    NAME:    _LCD_WRCNTRLNIB/LCD
    CALLER1: SECOND_LINE_IN_FRAME_INTER/MAIN
    CALLER2: HE_INTER/MAIN
*** WARNING L15: MULTIPLE CALL TO FUNCTION
    NAME:    _LCD_PRINTSTRING/LCD
    CALLER1: SECOND_LINE_IN_FRAME_INTER/MAIN
    CALLER2: HE_INTER/MAIN
*** WARNING L15: MULTIPLE CALL TO FUNCTION
    NAME:    _LCD_WRITEDATA/LCD
    CALLER1: SECOND_LINE_IN_FRAME_INTER/MAIN
    CALLER2: HE_INTER/MAIN
*** WARNING L15: MULTIPLE CALL TO FUNCTION
    NAME:    _LCD_WRDATNIB/LCD
    CALLER1: SECOND_LINE_IN_FRAME_INTER/MAIN
    CALLER2: HE_INTER/MAIN
*** WARNING L15: MULTIPLE CALL TO FUNCTION
    NAME:    _MOTOR_PWM_WRITECOMPARE/MOTOR_PWM
    CALLER1: HE_INTER/MAIN
    CALLER2: ?C_C51STARTUP
*** WARNING L15: MULTIPLE CALL TO FUNCTION
    NAME:    _LCD_WRCNTRLNIB/LCD
    CALLER1: HE_INTER/MAIN
    CALLER2: ?C_C51STARTUP
*** WARNING L15: MULTIPLE CALL TO FUNCTION
    NAME:    _LCD_WRITECONTROL/LCD
    CALLER1: HE_INTER/MAIN
    CALLER2: ?C_C51STARTUP
*** WARNING L15: MULTIPLE CALL TO FUNCTION
    NAME:    LCD_ISREADY/LCD
    CALLER1: HE_INTER/MAIN
    CALLER2: ?C_C51STARTUP
*** WARNING L15: MULTIPLE CALL TO FUNCTION
    NAME:    _LCD_POSITION/LCD
    CALLER1: HE_INTER/MAIN
    CALLER2: ?C_C51STARTUP
*** WARNING L15: MULTIPLE CALL TO FUNCTION
    NAME:    _LCD_PRINTSTRING/LCD
    CALLER1: HE_INTER/MAIN
    CALLER2: ?C_C51STARTUP
*** WARNING L15: MULTIPLE CALL TO FUNCTION
    NAME:    _LCD_WRITEDATA/LCD
    CALLER1: HE_INTER/MAIN
    CALLER2: ?C_C51STARTUP
*** WARNING L15: MULTIPLE CALL TO FUNCTION
    NAME:    _LCD_WRDATNIB/LCD
    CALLER1: HE_INTER/MAIN
    CALLER2: ?C_C51STARTUP
Program Size: data=20.1 xdata=259 const=45 code=9705
OHx51.exe Car.omf HEXFILE(Car.ihx)
c8051-elf-omf2elf.exe Car.omf Car.elf
cyhextool -o .\DP8051\DP8051_Keil_951\Debug\Car.hex -f .\DP8051\DP8051_Keil_951\Debug\Car.ihx -prot .\Generated_Source\PSoC3\protect.hex -id 1E028069 -a EEPROM=90200000:800,PROGRAM=00000000:10000,CONFIG=80000000:2000,PROTECT=90400000:40 -meta 0301 -cunv 00004005 -wonv BC90ACAF -ecc .\Generated_Source\PSoC3\config.hex
Flash used: 9750 of 65536 bytes (14.9 %).
SRAM used: 259 of 8192 bytes (3.2 %).
--------------- Build Succeeded: 03/26/2015 00:51:41 ---------------
