C51 COMPILER V9.51   DIR_REG                                                               05/05/2015 14:41:01 PAGE 1   


C51 COMPILER V9.51, COMPILATION OF MODULE DIR_REG
OBJECT MODULE PLACED IN .\DP8051\DP8051_Keil_951\Release\DIR_REG.obj
COMPILER INVOKED BY: C:\Program Files (x86)\Cypress\PSoC Creator\3.1\PSoC Creator\import\keil\pk51\9.51\C51\BIN\c51.exe 
                    -.\Generated_Source\PSoC3\DIR_REG.c NOIV LARGE MODDP2 OMF2 VB(1) NOIP INCDIR(.,.\Generated_Source\PSoC3) FF(3) DB WL(2) P
                    -R(.\DP8051\DP8051_Keil_951\Release/DIR_REG.lst) CD OT(8,SIZE) OJ(.\DP8051\DP8051_Keil_951\Release\DIR_REG.obj)

line level    source

*** MESSAGE C286 IN LINE 0 OF (null): license limits optimization to level 5
   1          /*******************************************************************************
   2          * File Name: DIR_REG.c  
   3          * Version 1.70
   4          *
   5          * Description:
   6          *  This file contains API to enable firmware control of a Control Register.
   7          *
   8          * Note:
   9          *
  10          ********************************************************************************
  11          * Copyright 2008-2012, Cypress Semiconductor Corporation.  All rights reserved.
  12          * You may use this file only in accordance with the license, terms, conditions, 
  13          * disclaimers, and limitations in the end user license agreement accompanying 
  14          * the software package with which this file was provided.
  15          *******************************************************************************/
  16          
  17          #include "DIR_REG.h"
  18          
  19          #if !defined(DIR_REG_Sync_ctrl_reg__REMOVED) /* Check for removal by optimization */
  20          
  21          /*******************************************************************************
  22          * Function Name: DIR_REG_Write
  23          ********************************************************************************
  24          *
  25          * Summary:
  26          *  Write a byte to the Control Register.
  27          *
  28          * Parameters:
  29          *  control:  The value to be assigned to the Control Register.
  30          *
  31          * Return:
  32          *  None.
  33          *
  34          *******************************************************************************/
  35          void DIR_REG_Write(uint8 control) 
  36          {
  37   1          DIR_REG_Control = control;
  38   1      }
  39          
  40          
  41          /*******************************************************************************
  42          * Function Name: DIR_REG_Read
  43          ********************************************************************************
  44          *
  45          * Summary:
  46          *  Reads the current value assigned to the Control Register.
  47          *
  48          * Parameters:
  49          *  None.
  50          *
  51          * Return:
  52          *  Returns the current value in the Control Register.
C51 COMPILER V9.51   DIR_REG                                                               05/05/2015 14:41:01 PAGE 2   

  53          *
  54          *******************************************************************************/
  55          uint8 DIR_REG_Read(void) 
  56          {
  57   1          return DIR_REG_Control;
  58   1      }
  59          
  60          #endif /* End check for removal by optimization */
  61          
  62          
  63          /* [] END OF FILE */
C51 COMPILER V9.51   DIR_REG                                                               05/05/2015 14:41:01 PAGE 3   

ASSEMBLY LISTING OF GENERATED OBJECT CODE


             ; FUNCTION _DIR_REG_Write (BEGIN)
                                           ; SOURCE LINE # 35
;---- Variable 'control' assigned to Register 'R7' ----
                                           ; SOURCE LINE # 36
                                           ; SOURCE LINE # 37
0000 906575            MOV     DPTR,#06575H
0003 EF                MOV     A,R7
0004 F0                MOVX    @DPTR,A
                                           ; SOURCE LINE # 38
0005 22                RET     
             ; FUNCTION _DIR_REG_Write (END)

             ; FUNCTION DIR_REG_Read (BEGIN)
                                           ; SOURCE LINE # 55
                                           ; SOURCE LINE # 56
                                           ; SOURCE LINE # 57
0000 906575            MOV     DPTR,#06575H
0003 E0                MOVX    A,@DPTR
0004 FF                MOV     R7,A
                                           ; SOURCE LINE # 58
0005         ?C0002:
0005 22                RET     
             ; FUNCTION DIR_REG_Read (END)



MODULE INFORMATION:   STATIC OVERLAYABLE
   CODE SIZE        =     12    ----
   CONSTANT SIZE    =   ----    ----
   XDATA SIZE       =   ----    ----
   PDATA SIZE       =   ----    ----
   DATA SIZE        =   ----    ----
   IDATA SIZE       =   ----    ----
   BIT SIZE         =   ----    ----
   EDATA SIZE       =   ----    ----
   HDATA SIZE       =   ----    ----
   XDATA CONST SIZE =   ----    ----
   FAR CONST SIZE   =   ----    ----
END OF MODULE INFORMATION.


C51 COMPILATION COMPLETE.  0 WARNING(S),  0 ERROR(S)
