--------------- Rebuild Started: 03/26/2015 00:31:03 Project: Car, Configuration: DP8051 Keil 9.51 Debug ---------------
Deleting file ".\DP8051\DP8051_Keil_951\Debug\main.obj"
Deleting file ".\DP8051\DP8051_Keil_951\Debug\cyfitter_cfg.obj"
Deleting file ".\DP8051\DP8051_Keil_951\Debug\HE_ISR.obj"
Deleting file ".\DP8051\DP8051_Keil_951\Debug\CyBootAsmKeil.obj"
Deleting file ".\DP8051\DP8051_Keil_951\Debug\CyDmac.obj"
Deleting file ".\DP8051\DP8051_Keil_951\Debug\CyFlash.obj"
Deleting file ".\DP8051\DP8051_Keil_951\Debug\CyLib.obj"
Deleting file ".\DP8051\DP8051_Keil_951\Debug\cymem.obj"
Deleting file ".\DP8051\DP8051_Keil_951\Debug\cyPm.obj"
Deleting file ".\DP8051\DP8051_Keil_951\Debug\CySpc.obj"
Deleting file ".\DP8051\DP8051_Keil_951\Debug\cyutils.obj"
Deleting file ".\DP8051\DP8051_Keil_951\Debug\KeilStart.obj"
Deleting file ".\DP8051\DP8051_Keil_951\Debug\LCD.obj"
Deleting file ".\DP8051\DP8051_Keil_951\Debug\LCD_PM.obj"
Deleting file ".\DP8051\DP8051_Keil_951\Debug\LCD_LCDPort.obj"
Deleting file ".\DP8051\DP8051_Keil_951\Debug\HE_IN_PIN.obj"
Deleting file ".\DP8051\DP8051_Keil_951\Debug\PWM_OUT_PIN.obj"
Deleting file ".\DP8051\DP8051_Keil_951\Debug\HE_TIMER.obj"
Deleting file ".\DP8051\DP8051_Keil_951\Debug\HE_TIMER_PM.obj"
Deleting file ".\DP8051\DP8051_Keil_951\Debug\HE_TIMER_CLK.obj"
Deleting file ".\DP8051\DP8051_Keil_951\Debug\COM_SYNC_OUT_PIN.obj"
Deleting file ".\DP8051\DP8051_Keil_951\Debug\COM_VID_IN_PIN.obj"
Deleting file ".\DP8051\DP8051_Keil_951\Debug\VERT_SYNC_OUT_IN.obj"
Deleting file ".\DP8051\DP8051_Keil_951\Debug\MOTOR_PWM.obj"
Deleting file ".\DP8051\DP8051_Keil_951\Debug\MOTOR_PWM_PM.obj"
Deleting file ".\DP8051\DP8051_Keil_951\Debug\MOTOR_PWM_CLK.obj"
Deleting file ".\DP8051\DP8051_Keil_951\Debug\STEERING_PWM_OUT_PIN.obj"
Deleting file ".\DP8051\DP8051_Keil_951\Debug\STEERING_PWM.obj"
Deleting file ".\DP8051\DP8051_Keil_951\Debug\STEERING_PWM_PM.obj"
Deleting file ".\DP8051\DP8051_Keil_951\Debug\STEERING_PWM_CLK.obj"
Deleting file ".\DP8051\DP8051_Keil_951\Debug\VSYNC_ISR.obj"
Deleting file ".\DP8051\DP8051_Keil_951\Debug\Clock_1.obj"
Deleting file ".\DP8051\DP8051_Keil_951\Debug\VIDEO_OUT_COMPARE.obj"
Deleting file ".\DP8051\DP8051_Keil_951\Debug\VIDEO_OUT_COMPARE_PM.obj"
Deleting file ".\DP8051\DP8051_Keil_951\Debug\CAM_LINECOUNTER_ISR.obj"
Deleting file ".\DP8051\DP8051_Keil_951\Debug\CAM_LINEREAD_COUNTER.obj"
Deleting file ".\DP8051\DP8051_Keil_951\Debug\CAM_LINEREAD_COUNTER_PM.obj"
Deleting file ".\DP8051\DP8051_Keil_951\Debug\VDAC8_1.obj"
Deleting file ".\DP8051\DP8051_Keil_951\Debug\VDAC8_1_PM.obj"
Deleting file ".\DP8051\DP8051_Keil_951\Debug\VIDEO_OUT_TIMER.obj"
Deleting file ".\DP8051\DP8051_Keil_951\Debug\VIDEO_OUT_TIMER_PM.obj"
Deleting file ".\DP8051\DP8051_Keil_951\Debug\read_camera_line_ISR.obj"
Deleting file ".\DP8051\DP8051_Keil_951\Debug\Car.hex"
Deleting file ".\DP8051\DP8051_Keil_951\Debug\Car.elf"
Deleting file ".\DP8051\DP8051_Keil_951\Debug\Car.map"
Deleting file ".\Car.cycdx"
Deleting file ".\Car.svd"
Deleting file ".\Car.rpt"
Deleting file ".\Car_timing.html"
Deleting file ".\DP8051\DP8051_Keil_951\Debug\.deps\C_FILE.P"
Deleting file ".\DP8051\DP8051_Keil_951\Debug\.deps\DP8051_C_FILE.P"
Deleting file ".\DP8051\DP8051_Keil_951\Debug\.deps\KEIL_8051_ASM_FILE.P"
cydsfit.exe -.appdatapath "C:\Users\Yicheng\AppData\Local\Cypress Semiconductor\PSoC Creator\3.1" -.fdsnotice -.fdswarpdepfile=warp_dependencies.txt -.fdselabdepfile=elab_dependencies.txt -.fdsbldfile=generated_files.txt -p C:\Users\Yicheng\Dropbox\Princeton\Junior\ELE302\ELE302-Carlab\Design02\Car.cydsn\Car.cyprj -d CY8C3866AXI-040 -s C:\Users\Yicheng\Dropbox\Princeton\Junior\ELE302\ELE302-Carlab\Design02\Car.cydsn\Generated_Source\PSoC3 -- -yv2 -q10 -ygs -o2 -v3 -.fftcfgtype=BE
Elaborating Design...
HDL Generation ...
Synthesis ...
Place and Route ...
Tech mapping ...
Analog Placement ...
Log: apr.M0058: The analog placement iterative improvement is 33% done. (App=cydsfit)
Log: apr.M0058: The analog placement iterative improvement is 69% done. (App=cydsfit)
Analog Routing ...
Analog Code Generation ...
Digital Placement ...
Digital Routing ...
Bitstream Generation ...
Static timing analysis ...
Warning: sta.M0021: Car_timing.html: Warning-1350: Asynchronous path(s) exist from "VID_COMPARE_CLK(fixed-function)" to "CyBUS_CLK". See the timing report for details. (File=C:\Users\Yicheng\Dropbox\Princeton\Junior\ELE302\ELE302-Carlab\Design02\Car.cydsn\Car_timing.html)
API Generation ...
Dependency Generation ...
Clean Temporary Files ...
c51.exe .\main.c NOIV LARGE MODDP2 OMF2 VB(1) NOIP "INCDIR(., .\Generated_Source\PSoC3)" FF(3) DB DF(DEBUG) WL(2) PR(.\DP8051\DP8051_Keil_951\Debug/main.lst) CD "OT(2, Size)" OJ(.\DP8051\DP8051_Keil_951\Debug\main.obj)
ERROR: .\main.c:161: 'FRAME_inter': undefined identifier
The command 'c51.exe' failed with exit code '2'.
--------------- Rebuild Failed: 03/26/2015 00:31:34 ---------------
