C51 COMPILER V9.51   COM_VID_IN_PIN                                                        03/13/2015 21:31:32 PAGE 1   


C51 COMPILER V9.51, COMPILATION OF MODULE COM_VID_IN_PIN
OBJECT MODULE PLACED IN .\DP8051\DP8051_Keil_951\Debug\COM_VID_IN_PIN.obj
COMPILER INVOKED BY: C:\Program Files (x86)\Cypress\PSoC Creator\3.1\PSoC Creator\import\keil\pk51\9.51\C51\BIN\c51.exe 
                    -.\Generated_Source\PSoC3\COM_VID_IN_PIN.c NOIV LARGE MODDP2 OMF2 VB(1) NOIP INCDIR(.,.\Generated_Source\PSoC3) FF(3) DB 
                    -DF(DEBUG) WL(2) PR(.\DP8051\DP8051_Keil_951\Debug/COM_VID_IN_PIN.lst) CD OT(2,SIZE) OJ(.\DP8051\DP8051_Keil_951\Debug\CO
                    -M_VID_IN_PIN.obj)

line level    source

   1          /*******************************************************************************
   2          * File Name: COM_VID_IN_PIN.c  
   3          * Version 2.10
   4          *
   5          * Description:
   6          *  This file contains API to enable firmware control of a Pins component.
   7          *
   8          * Note:
   9          *
  10          ********************************************************************************
  11          * Copyright 2008-2014, Cypress Semiconductor Corporation.  All rights reserved.
  12          * You may use this file only in accordance with the license, terms, conditions, 
  13          * disclaimers, and limitations in the end user license agreement accompanying 
  14          * the software package with which this file was provided.
  15          *******************************************************************************/
  16          
  17          #include "cytypes.h"
  18          #include "COM_VID_IN_PIN.h"
  19          
  20          
  21          /*******************************************************************************
  22          * Function Name: COM_VID_IN_PIN_Write
  23          ********************************************************************************
  24          *
  25          * Summary:
  26          *  Assign a new value to the digital port's data output register.  
  27          *
  28          * Parameters:  
  29          *  prtValue:  The value to be assigned to the Digital Port. 
  30          *
  31          * Return: 
  32          *  None 
  33          *  
  34          *******************************************************************************/
  35          void COM_VID_IN_PIN_Write(uint8 value) 
  36          {
  37   1          uint8 staticBits = (COM_VID_IN_PIN_DR & (uint8)(~COM_VID_IN_PIN_MASK));
  38   1          COM_VID_IN_PIN_DR = staticBits | ((uint8)(value << COM_VID_IN_PIN_SHIFT) & COM_VID_IN_PIN_MASK);
  39   1      }
  40          
  41          
  42          /*******************************************************************************
  43          * Function Name: COM_VID_IN_PIN_SetDriveMode
  44          ********************************************************************************
  45          *
  46          * Summary:
  47          *  Change the drive mode on the pins of the port.
  48          * 
  49          * Parameters:  
  50          *  mode:  Change the pins to one of the following drive modes.
  51          *
  52          *  COM_VID_IN_PIN_DM_STRONG     Strong Drive 
C51 COMPILER V9.51   COM_VID_IN_PIN                                                        03/13/2015 21:31:32 PAGE 2   

  53          *  COM_VID_IN_PIN_DM_OD_HI      Open Drain, Drives High 
  54          *  COM_VID_IN_PIN_DM_OD_LO      Open Drain, Drives Low 
  55          *  COM_VID_IN_PIN_DM_RES_UP     Resistive Pull Up 
  56          *  COM_VID_IN_PIN_DM_RES_DWN    Resistive Pull Down 
  57          *  COM_VID_IN_PIN_DM_RES_UPDWN  Resistive Pull Up/Down 
  58          *  COM_VID_IN_PIN_DM_DIG_HIZ    High Impedance Digital 
  59          *  COM_VID_IN_PIN_DM_ALG_HIZ    High Impedance Analog 
  60          *
  61          * Return: 
  62          *  None
  63          *
  64          *******************************************************************************/
  65          void COM_VID_IN_PIN_SetDriveMode(uint8 mode) 
  66          {
  67   1              CyPins_SetPinDriveMode(COM_VID_IN_PIN_0, mode);
  68   1      }
  69          
  70          
  71          /*******************************************************************************
  72          * Function Name: COM_VID_IN_PIN_Read
  73          ********************************************************************************
  74          *
  75          * Summary:
  76          *  Read the current value on the pins of the Digital Port in right justified 
  77          *  form.
  78          *
  79          * Parameters:  
  80          *  None 
  81          *
  82          * Return: 
  83          *  Returns the current value of the Digital Port as a right justified number
  84          *  
  85          * Note:
  86          *  Macro COM_VID_IN_PIN_ReadPS calls this function. 
  87          *  
  88          *******************************************************************************/
  89          uint8 COM_VID_IN_PIN_Read(void) 
  90          {
  91   1          return (COM_VID_IN_PIN_PS & COM_VID_IN_PIN_MASK) >> COM_VID_IN_PIN_SHIFT;
  92   1      }
  93          
  94          
  95          /*******************************************************************************
  96          * Function Name: COM_VID_IN_PIN_ReadDataReg
  97          ********************************************************************************
  98          *
  99          * Summary:
 100          *  Read the current value assigned to a Digital Port's data output register
 101          *
 102          * Parameters:  
 103          *  None 
 104          *
 105          * Return: 
 106          *  Returns the current value assigned to the Digital Port's data output register
 107          *  
 108          *******************************************************************************/
 109          uint8 COM_VID_IN_PIN_ReadDataReg(void) 
 110          {
 111   1          return (COM_VID_IN_PIN_DR & COM_VID_IN_PIN_MASK) >> COM_VID_IN_PIN_SHIFT;
 112   1      }
 113          
 114          
C51 COMPILER V9.51   COM_VID_IN_PIN                                                        03/13/2015 21:31:32 PAGE 3   

 115          /* If Interrupts Are Enabled for this Pins component */ 
 116          #if defined(COM_VID_IN_PIN_INTSTAT) 
              
                  /*******************************************************************************
                  * Function Name: COM_VID_IN_PIN_ClearInterrupt
                  ********************************************************************************
                  *
                  * Summary:
                  *  Clears any active interrupts attached to port and returns the value of the 
                  *  interrupt status register.
                  *
                  * Parameters:  
                  *  None 
                  *
                  * Return: 
                  *  Returns the value of the interrupt status register
                  *  
                  *******************************************************************************/
                  uint8 COM_VID_IN_PIN_ClearInterrupt(void) 
                  {
                      return (COM_VID_IN_PIN_INTSTAT & COM_VID_IN_PIN_MASK) >> COM_VID_IN_PIN_SHIFT;
                  }
              
              #endif /* If Interrupts Are Enabled for this Pins component */ 
 139          
 140          
 141          /* [] END OF FILE */
C51 COMPILER V9.51   COM_VID_IN_PIN                                                        03/13/2015 21:31:32 PAGE 4   

ASSEMBLY LISTING OF GENERATED OBJECT CODE


             ; FUNCTION _COM_VID_IN_PIN_Write (BEGIN)
                                           ; SOURCE LINE # 35
0000 900000      R     MOV     DPTR,#value
0003 EF                MOV     A,R7
0004 F0                MOVX    @DPTR,A
                                           ; SOURCE LINE # 36
                                           ; SOURCE LINE # 37
0005 905130            MOV     DPTR,#05130H
0008 E0                MOVX    A,@DPTR
0009 FF                MOV     R7,A
000A EF                MOV     A,R7
000B 547F              ANL     A,#07FH
000D FF                MOV     R7,A
000E 900000      R     MOV     DPTR,#staticBits
0011 EF                MOV     A,R7
0012 F0                MOVX    @DPTR,A
                                           ; SOURCE LINE # 38
0013 900000      R     MOV     DPTR,#value
0016 E0                MOVX    A,@DPTR
0017 FF                MOV     R7,A
0018 EF                MOV     A,R7
0019 C4                SWAP    A
001A 33                RLC     A
001B 33                RLC     A
001C 33                RLC     A
001D 5480              ANL     A,#080H
001F FF                MOV     R7,A
0020 EF                MOV     A,R7
0021 5480              ANL     A,#080H
0023 FF                MOV     R7,A
0024 900000      R     MOV     DPTR,#staticBits
0027 E0                MOVX    A,@DPTR
0028 FE                MOV     R6,A
0029 EF                MOV     A,R7
002A 4E                ORL     A,R6
002B FF                MOV     R7,A
002C 905130            MOV     DPTR,#05130H
002F EF                MOV     A,R7
0030 F0                MOVX    @DPTR,A
                                           ; SOURCE LINE # 39
0031 22                RET     
             ; FUNCTION _COM_VID_IN_PIN_Write (END)

             ; FUNCTION _COM_VID_IN_PIN_SetDriveMode (BEGIN)
                                           ; SOURCE LINE # 65
0000 900000      R     MOV     DPTR,#mode
0003 EF                MOV     A,R7
0004 F0                MOVX    @DPTR,A
                                           ; SOURCE LINE # 66
                                           ; SOURCE LINE # 67
0005 900000      R     MOV     DPTR,#mode
0008 E0                MOVX    A,@DPTR
0009 FF                MOV     R7,A
000A EF                MOV     A,R7
000B 540E              ANL     A,#0EH
000D FF                MOV     R7,A
000E 90501F            MOV     DPTR,#0501FH
0011 E0                MOVX    A,@DPTR
0012 FE                MOV     R6,A
C51 COMPILER V9.51   COM_VID_IN_PIN                                                        03/13/2015 21:31:32 PAGE 5   

0013 EE                MOV     A,R6
0014 54F1              ANL     A,#0F1H
0016 FE                MOV     R6,A
0017 EE                MOV     A,R6
0018 4F                ORL     A,R7
0019 FF                MOV     R7,A
001A 90501F            MOV     DPTR,#0501FH
001D EF                MOV     A,R7
001E F0                MOVX    @DPTR,A
                                           ; SOURCE LINE # 68
001F 22                RET     
             ; FUNCTION _COM_VID_IN_PIN_SetDriveMode (END)

             ; FUNCTION COM_VID_IN_PIN_Read (BEGIN)
                                           ; SOURCE LINE # 89
                                           ; SOURCE LINE # 90
                                           ; SOURCE LINE # 91
0000 905131            MOV     DPTR,#05131H
0003 E0                MOVX    A,@DPTR
0004 FF                MOV     R7,A
0005 EF                MOV     A,R7
0006 5480              ANL     A,#080H
0008 FF                MOV     R7,A
0009 7E00              MOV     R6,#00H
000B EF                MOV     A,R7
000C 7807              MOV     R0,#07H
000E         ?C0005:
000E CE                XCH     A,R6
000F C3                CLR     C
0010 13                RRC     A
0011 CE                XCH     A,R6
0012 13                RRC     A
0013 D8F9              DJNZ    R0,?C0005
0015 FF                MOV     R7,A
                                           ; SOURCE LINE # 92
0016         ?C0003:
0016 22                RET     
             ; FUNCTION COM_VID_IN_PIN_Read (END)

             ; FUNCTION COM_VID_IN_PIN_ReadDataReg (BEGIN)
                                           ; SOURCE LINE # 109
                                           ; SOURCE LINE # 110
                                           ; SOURCE LINE # 111
0000 905130            MOV     DPTR,#05130H
0003 E0                MOVX    A,@DPTR
0004 FF                MOV     R7,A
0005 EF                MOV     A,R7
0006 5480              ANL     A,#080H
0008 FF                MOV     R7,A
0009 7E00              MOV     R6,#00H
000B EF                MOV     A,R7
000C 7807              MOV     R0,#07H
000E         ?C0006:
000E CE                XCH     A,R6
000F C3                CLR     C
0010 13                RRC     A
0011 CE                XCH     A,R6
0012 13                RRC     A
0013 D8F9              DJNZ    R0,?C0006
0015 FF                MOV     R7,A
                                           ; SOURCE LINE # 112
0016         ?C0004:
C51 COMPILER V9.51   COM_VID_IN_PIN                                                        03/13/2015 21:31:32 PAGE 6   

0016 22                RET     
             ; FUNCTION COM_VID_IN_PIN_ReadDataReg (END)



MODULE INFORMATION:   STATIC OVERLAYABLE
   CODE SIZE        =    128    ----
   CONSTANT SIZE    =   ----    ----
   XDATA SIZE       =   ----       3
   PDATA SIZE       =   ----    ----
   DATA SIZE        =   ----    ----
   IDATA SIZE       =   ----    ----
   BIT SIZE         =   ----    ----
   EDATA SIZE       =   ----    ----
   HDATA SIZE       =   ----    ----
   XDATA CONST SIZE =   ----    ----
   FAR CONST SIZE   =   ----    ----
END OF MODULE INFORMATION.


C51 COMPILATION COMPLETE.  0 WARNING(S),  0 ERROR(S)
