--------------- Build Started: 03/26/2015 03:47:18 Project: Car, Configuration: DP8051 Keil 9.51 Release ---------------
The code generation step is up to date.
c51.exe .\main.c NOIV LARGE MODDP2 OMF2 VB(1) NOIP "INCDIR(., .\Generated_Source\PSoC3)" FF(3) DB WL(2) PR(.\DP8051\DP8051_Keil_951\Release/main.lst) CD "OT(8, Size)" OJ(.\DP8051\DP8051_Keil_951\Release\main.obj)
*** MESSAGE C286 IN LINE 0 OF (null): license limits optimization to level 5
WARNING: .\main.c:93: 'SEC_TIL_BLACK_TIMER_STOP': missing function-prototype
LIBX51.exe TRANSFER '.\DP8051\DP8051_Keil_951\Release\cyfitter_cfg.obj', '.\DP8051\DP8051_Keil_951\Release\HE_ISR.obj', '.\DP8051\DP8051_Keil_951\Release\CyBootAsmKeil.obj', '.\DP8051\DP8051_Keil_951\Release\CyDmac.obj', '.\DP8051\DP8051_Keil_951\Release\CyFlash.obj', '.\DP8051\DP8051_Keil_951\Release\CyLib.obj', '.\DP8051\DP8051_Keil_951\Release\cymem.obj', '.\DP8051\DP8051_Keil_951\Release\cyPm.obj', '.\DP8051\DP8051_Keil_951\Release\CySpc.obj', '.\DP8051\DP8051_Keil_951\Release\cyutils.obj', '.\DP8051\DP8051_Keil_951\Release\KeilStart.obj', '.\DP8051\DP8051_Keil_951\Release\LCD.obj', '.\DP8051\DP8051_Keil_951\Release\LCD_PM.obj', '.\DP8051\DP8051_Keil_951\Release\LCD_LCDPort.obj', '.\DP8051\DP8051_Keil_951\Release\HE_IN_PIN.obj', '.\DP8051\DP8051_Keil_951\Release\PWM_OUT_PIN.obj', '.\DP8051\DP8051_Keil_951\Release\HE_TIMER.obj', '.\DP8051\DP8051_Keil_951\Release\HE_TIMER_PM.obj', '.\DP8051\DP8051_Keil_951\Release\HE_TIMER_CLK.obj', '.\DP8051\DP8051_Keil_951\Release\COM_SYNC_OUT_PIN.obj', '.\DP8051\DP8051_Keil_951\Release\COM_VID_IN_PIN.obj', '.\DP8051\DP8051_Keil_951\Release\MOTOR_PWM.obj', '.\DP8051\DP8051_Keil_951\Release\MOTOR_PWM_PM.obj', '.\DP8051\DP8051_Keil_951\Release\MOTOR_PWM_CLK.obj', '.\DP8051\DP8051_Keil_951\Release\STEERING_PWM_OUT_PIN.obj', '.\DP8051\DP8051_Keil_951\Release\STEERING_PWM.obj', '.\DP8051\DP8051_Keil_951\Release\STEERING_PWM_PM.obj', '.\DP8051\DP8051_Keil_951\Release\STEERING_PWM_CLK.obj', '.\DP8051\DP8051_Keil_951\Release\VERT_SYNC_OUT_PIN.obj', '.\DP8051\DP8051_Keil_951\Release\LINE_COUNTER.obj', '.\DP8051\DP8051_Keil_951\Release\LINE_COUNTER_PM.obj', '.\DP8051\DP8051_Keil_951\Release\VID_COMPARE.obj', '.\DP8051\DP8051_Keil_951\Release\VID_COMPARE_PM.obj', '.\DP8051\DP8051_Keil_951\Release\VID_VDAC.obj', '.\DP8051\DP8051_Keil_951\Release\VID_VDAC_PM.obj', '.\DP8051\DP8051_Keil_951\Release\COMPARE_OUT.obj', '.\DP8051\DP8051_Keil_951\Release\COUNTER_N_ISR.obj', '.\DP8051\DP8051_Keil_951\Release\FRAME_ISR.obj', '.\DP8051\DP8051_Keil_951\Release\SEC_TIL_BLACK_TIMER.obj', '.\DP8051\DP8051_Keil_951\Release\SEC_TIL_BLACK_TIMER_PM.obj', '.\DP8051\DP8051_Keil_951\Release\UPDATE_STEERING_TIMER.obj', '.\DP8051\DP8051_Keil_951\Release\UPDATE_STEERING_TIMER_PM.obj', '.\DP8051\DP8051_Keil_951\Release\UPDATE_STEERING_ISR.obj', '.\DP8051\DP8051_Keil_951\Release\SEC_TIL_BLACK_TIMER_ISR.obj' TO '.\DP8051\DP8051_Keil_951\Release\Car.lib'
LX51.exe '.\DP8051\DP8051_Keil_951\Release\main.obj', '.\DP8051\DP8051_Keil_951\Release\Car.lib', 'C:\Program Files (x86)\Cypress\PSoC Creator\3.1\PSoC Creator\psoc\content\cycomponentlibrary\CyComponentLibrary.cylib\DP8051\DP8051_Keil_951\Release\CyComponentLibrary.lib' TO '.\DP8051\DP8051_Keil_951\Release\Car.omf' CODE RU RC(10) DW(16) WL(2) PR(.\DP8051\DP8051_Keil_951\Release/Car.map) IX CL(XDATA(X:0x0000-X:0x1FFF)) CL(CODE(C:0x0000-C:0xFFFF)) CL(CONST(C:0x0000-C:0xFFFF))
*** WARNING L15: MULTIPLE CALL TO FUNCTION
    NAME:    _LCD_WRITECONTROL/LCD
    CALLER1: FRAME_INTER/MAIN
    CALLER2: COUNTER_N_INTER/MAIN
*** WARNING L15: MULTIPLE CALL TO FUNCTION
    NAME:    LCD_ISREADY/LCD
    CALLER1: FRAME_INTER/MAIN
    CALLER2: COUNTER_N_INTER/MAIN
*** WARNING L15: MULTIPLE CALL TO FUNCTION
    NAME:    _LCD_PRINTSTRING/LCD
    CALLER1: FRAME_INTER/MAIN
    CALLER2: COUNTER_N_INTER/MAIN
*** WARNING L15: MULTIPLE CALL TO FUNCTION
    NAME:    _LCD_WRITEDATA/LCD
    CALLER1: FRAME_INTER/MAIN
    CALLER2: COUNTER_N_INTER/MAIN
*** WARNING L15: MULTIPLE CALL TO FUNCTION
    NAME:    _LCD_WRDATNIB/LCD
    CALLER1: FRAME_INTER/MAIN
    CALLER2: COUNTER_N_INTER/MAIN
*** WARNING L15: MULTIPLE CALL TO FUNCTION
    NAME:    _LCD_WRITECONTROL/LCD
    CALLER1: COUNTER_N_INTER/MAIN
    CALLER2: HE_INTER/MAIN
*** WARNING L15: MULTIPLE CALL TO FUNCTION
    NAME:    LCD_ISREADY/LCD
    CALLER1: COUNTER_N_INTER/MAIN
    CALLER2: HE_INTER/MAIN
*** WARNING L15: MULTIPLE CALL TO FUNCTION
    NAME:    _LCD_PRINTSTRING/LCD
    CALLER1: COUNTER_N_INTER/MAIN
    CALLER2: HE_INTER/MAIN
*** WARNING L15: MULTIPLE CALL TO FUNCTION
    NAME:    _LCD_WRITEDATA/LCD
    CALLER1: COUNTER_N_INTER/MAIN
    CALLER2: HE_INTER/MAIN
*** WARNING L15: MULTIPLE CALL TO FUNCTION
    NAME:    _LCD_WRDATNIB/LCD
    CALLER1: COUNTER_N_INTER/MAIN
    CALLER2: HE_INTER/MAIN
*** WARNING L15: MULTIPLE CALL TO FUNCTION
    NAME:    _LCD_WRITECONTROL/LCD
    CALLER1: HE_INTER/MAIN
    CALLER2: UPDATE_STEERING_INTER/MAIN
*** WARNING L15: MULTIPLE CALL TO FUNCTION
    NAME:    LCD_ISREADY/LCD
    CALLER1: HE_INTER/MAIN
    CALLER2: UPDATE_STEERING_INTER/MAIN
*** WARNING L15: MULTIPLE CALL TO FUNCTION
    NAME:    _LCD_POSITION/LCD
    CALLER1: HE_INTER/MAIN
    CALLER2: UPDATE_STEERING_INTER/MAIN
*** WARNING L15: MULTIPLE CALL TO FUNCTION
    NAME:    PRINTF/PRINTF
    CALLER1: HE_INTER/MAIN
    CALLER2: UPDATE_STEERING_INTER/MAIN
*** WARNING L15: MULTIPLE CALL TO FUNCTION
    NAME:    _LCD_PRINTSTRING/LCD
    CALLER1: HE_INTER/MAIN
    CALLER2: UPDATE_STEERING_INTER/MAIN
*** WARNING L15: MULTIPLE CALL TO FUNCTION
    NAME:    _LCD_WRITEDATA/LCD
    CALLER1: HE_INTER/MAIN
    CALLER2: UPDATE_STEERING_INTER/MAIN
*** WARNING L15: MULTIPLE CALL TO FUNCTION
    NAME:    _LCD_WRDATNIB/LCD
    CALLER1: HE_INTER/MAIN
    CALLER2: UPDATE_STEERING_INTER/MAIN
*** WARNING L15: MULTIPLE CALL TO FUNCTION
    NAME:    _LCD_PRINTU32NUMBER/LCD
    CALLER1: HE_INTER/MAIN
    CALLER2: UPDATE_STEERING_INTER/MAIN
*** WARNING L15: MULTIPLE CALL TO FUNCTION
    NAME:    _LCD_WRITECONTROL/LCD
    CALLER1: UPDATE_STEERING_INTER/MAIN
    CALLER2: ?C_C51STARTUP
*** WARNING L15: MULTIPLE CALL TO FUNCTION
    NAME:    LCD_ISREADY/LCD
    CALLER1: UPDATE_STEERING_INTER/MAIN
    CALLER2: ?C_C51STARTUP
*** WARNING L15: MULTIPLE CALL TO FUNCTION
    NAME:    _LCD_POSITION/LCD
    CALLER1: UPDATE_STEERING_INTER/MAIN
    CALLER2: ?C_C51STARTUP
*** WARNING L15: MULTIPLE CALL TO FUNCTION
    NAME:    _LCD_PRINTSTRING/LCD
    CALLER1: UPDATE_STEERING_INTER/MAIN
    CALLER2: ?C_C51STARTUP
*** WARNING L15: MULTIPLE CALL TO FUNCTION
    NAME:    _LCD_WRITEDATA/LCD
    CALLER1: UPDATE_STEERING_INTER/MAIN
    CALLER2: ?C_C51STARTUP
*** WARNING L15: MULTIPLE CALL TO FUNCTION
    NAME:    _LCD_WRDATNIB/LCD
    CALLER1: UPDATE_STEERING_INTER/MAIN
    CALLER2: ?C_C51STARTUP
*** WARNING L25: DATA TYPES DIFFERENT
    SYMBOL:  SEC_TIL_BLACK_TIMER_STOP
    MODULE:  .\DP8051\DP8051_Keil_951\Release\main.obj (MAIN)
   DEFINED:  .\DP8051\DP8051_Keil_951\Release\Car.lib (SEC_TIL_BLACK_TIMER)
Program Size: data=26.2 xdata=361 const=50 code=9333
OHx51.exe Car.omf HEXFILE(Car.ihx)
c8051-elf-omf2elf.exe Car.omf Car.elf
cyhextool -o .\DP8051\DP8051_Keil_951\Release\Car.hex -f .\DP8051\DP8051_Keil_951\Release\Car.ihx -prot .\Generated_Source\PSoC3\protect.hex -id 1E028069 -a EEPROM=90200000:800,PROGRAM=00000000:10000,CONFIG=80000000:2000,PROTECT=90400000:40 -meta 0301 -cunv 00004005 -wonv BC90ACAF -ecc .\Generated_Source\PSoC3\config.hex
Flash used: 9383 of 65536 bytes (14.3 %).
SRAM used: 361 of 8192 bytes (4.4 %).
--------------- Build Succeeded: 03/26/2015 03:47:22 ---------------
