--------------- Clean Started: 05/02/2015 10:45:31 Project: Car, Configuration: DP8051 Keil 9.51 Release ---------------
Deleting file ".\DP8051\DP8051_Keil_951\Release\main.obj"
Deleting file ".\DP8051\DP8051_Keil_951\Release\cyfitter_cfg.obj"
Deleting file ".\DP8051\DP8051_Keil_951\Release\HE_ISR.obj"
Deleting file ".\DP8051\DP8051_Keil_951\Release\CyBootAsmKeil.obj"
Deleting file ".\DP8051\DP8051_Keil_951\Release\CyDmac.obj"
Deleting file ".\DP8051\DP8051_Keil_951\Release\CyFlash.obj"
Deleting file ".\DP8051\DP8051_Keil_951\Release\CyLib.obj"
Deleting file ".\DP8051\DP8051_Keil_951\Release\cymem.obj"
Deleting file ".\DP8051\DP8051_Keil_951\Release\cyPm.obj"
Deleting file ".\DP8051\DP8051_Keil_951\Release\CySpc.obj"
Deleting file ".\DP8051\DP8051_Keil_951\Release\cyutils.obj"
Deleting file ".\DP8051\DP8051_Keil_951\Release\KeilStart.obj"
Deleting file ".\DP8051\DP8051_Keil_951\Release\LCD.obj"
Deleting file ".\DP8051\DP8051_Keil_951\Release\LCD_PM.obj"
Deleting file ".\DP8051\DP8051_Keil_951\Release\LCD_LCDPort.obj"
Deleting file ".\DP8051\DP8051_Keil_951\Release\HE_IN_PIN.obj"
Deleting file ".\DP8051\DP8051_Keil_951\Release\HE_TIMER.obj"
Deleting file ".\DP8051\DP8051_Keil_951\Release\HE_TIMER_PM.obj"
Deleting file ".\DP8051\DP8051_Keil_951\Release\HE_TIMER_CLK.obj"
Deleting file ".\DP8051\DP8051_Keil_951\Release\COM_SYNC_OUT_PIN.obj"
Deleting file ".\DP8051\DP8051_Keil_951\Release\MOTOR_PWM.obj"
Deleting file ".\DP8051\DP8051_Keil_951\Release\MOTOR_PWM_PM.obj"
Deleting file ".\DP8051\DP8051_Keil_951\Release\MOTOR_PWM_CLK.obj"
Deleting file ".\DP8051\DP8051_Keil_951\Release\STEERING_PWM_OUT_PIN.obj"
Deleting file ".\DP8051\DP8051_Keil_951\Release\STEERING_PWM.obj"
Deleting file ".\DP8051\DP8051_Keil_951\Release\STEERING_PWM_PM.obj"
Deleting file ".\DP8051\DP8051_Keil_951\Release\STEERING_PWM_CLK.obj"
Deleting file ".\DP8051\DP8051_Keil_951\Release\VERT_SYNC_OUT_PIN.obj"
Deleting file ".\DP8051\DP8051_Keil_951\Release\LINE_COUNTER.obj"
Deleting file ".\DP8051\DP8051_Keil_951\Release\LINE_COUNTER_PM.obj"
Deleting file ".\DP8051\DP8051_Keil_951\Release\SEC_TIL_BLACK_TIMER.obj"
Deleting file ".\DP8051\DP8051_Keil_951\Release\SEC_TIL_BLACK_TIMER_PM.obj"
Deleting file ".\DP8051\DP8051_Keil_951\Release\SEC_TIL_BLACK_TIMER_ISR.obj"
Deleting file ".\DP8051\DP8051_Keil_951\Release\COMPARATOR_PIN.obj"
Deleting file ".\DP8051\DP8051_Keil_951\Release\COUNTER_OUT_PIN.obj"
Deleting file ".\DP8051\DP8051_Keil_951\Release\TIMER_OUT_PIN.obj"
Deleting file ".\DP8051\DP8051_Keil_951\Release\CAPTURE_OUT_PIN.obj"
Deleting file ".\DP8051\DP8051_Keil_951\Release\UPDATE_STEER_ISR.obj"
Deleting file ".\DP8051\DP8051_Keil_951\Release\DIR_REG.obj"
Deleting file ".\DP8051\DP8051_Keil_951\Release\HBRIDGE_R_PIN.obj"
Deleting file ".\DP8051\DP8051_Keil_951\Release\HBRIDGE_L_PIN.obj"
Deleting file ".\DP8051\DP8051_Keil_951\Release\DIR_ISR.obj"
Deleting file ".\DP8051\DP8051_Keil_951\Release\ON_OFF_ISR.obj"
Deleting file ".\DP8051\DP8051_Keil_951\Release\ON_OFF_PIN.obj"
Deleting file ".\DP8051\DP8051_Keil_951\Release\DIR_PIN.obj"
Deleting file ".\DP8051\DP8051_Keil_951\Release\Car.hex"
Deleting file ".\DP8051\DP8051_Keil_951\Release\Car.elf"
Deleting file ".\DP8051\DP8051_Keil_951\Release\Car.map"
Deleting file ".\Car.cycdx"
Deleting file ".\Car.svd"
Deleting file ".\Car.rpt"
Deleting file ".\Car_timing.html"
Deleting file ".\DP8051\DP8051_Keil_951\Release\.deps\C_FILE.P"
Deleting file ".\DP8051\DP8051_Keil_951\Release\.deps\DP8051_C_FILE.P"
Deleting file ".\DP8051\DP8051_Keil_951\Release\.deps\KEIL_8051_ASM_FILE.P"
--------------- Clean Succeeded: 05/02/2015 10:45:31 ---------------
