C51 COMPILER V9.51   STEERING_PWM_OUT_PIN                                                  03/26/2015 00:49:21 PAGE 1   


C51 COMPILER V9.51, COMPILATION OF MODULE STEERING_PWM_OUT_PIN
OBJECT MODULE PLACED IN .\DP8051\DP8051_Keil_951\Release\STEERING_PWM_OUT_PIN.obj
COMPILER INVOKED BY: C:\Program Files (x86)\Cypress\PSoC Creator\3.1\PSoC Creator\import\keil\pk51\9.51\C51\BIN\c51.exe 
                    -.\Generated_Source\PSoC3\STEERING_PWM_OUT_PIN.c NOIV LARGE MODDP2 OMF2 VB(1) NOIP INCDIR(.,.\Generated_Source\PSoC3) FF(
                    -3) DB WL(2) PR(.\DP8051\DP8051_Keil_951\Release/STEERING_PWM_OUT_PIN.lst) CD OT(8,SIZE) OJ(.\DP8051\DP8051_Keil_951\Rele
                    -ase\STEERING_PWM_OUT_PIN.obj)

line level    source

*** MESSAGE C286 IN LINE 0 OF (null): license limits optimization to level 5
   1          /*******************************************************************************
   2          * File Name: STEERING_PWM_OUT_PIN.c  
   3          * Version 2.10
   4          *
   5          * Description:
   6          *  This file contains API to enable firmware control of a Pins component.
   7          *
   8          * Note:
   9          *
  10          ********************************************************************************
  11          * Copyright 2008-2014, Cypress Semiconductor Corporation.  All rights reserved.
  12          * You may use this file only in accordance with the license, terms, conditions, 
  13          * disclaimers, and limitations in the end user license agreement accompanying 
  14          * the software package with which this file was provided.
  15          *******************************************************************************/
  16          
  17          #include "cytypes.h"
  18          #include "STEERING_PWM_OUT_PIN.h"
  19          
  20          
  21          /*******************************************************************************
  22          * Function Name: STEERING_PWM_OUT_PIN_Write
  23          ********************************************************************************
  24          *
  25          * Summary:
  26          *  Assign a new value to the digital port's data output register.  
  27          *
  28          * Parameters:  
  29          *  prtValue:  The value to be assigned to the Digital Port. 
  30          *
  31          * Return: 
  32          *  None 
  33          *  
  34          *******************************************************************************/
  35          void STEERING_PWM_OUT_PIN_Write(uint8 value) 
  36          {
  37   1          uint8 staticBits = (STEERING_PWM_OUT_PIN_DR & (uint8)(~STEERING_PWM_OUT_PIN_MASK));
  38   1          STEERING_PWM_OUT_PIN_DR = staticBits | ((uint8)(value << STEERING_PWM_OUT_PIN_SHIFT) & STEERING_PWM_OU
             -T_PIN_MASK);
  39   1      }
  40          
  41          
  42          /*******************************************************************************
  43          * Function Name: STEERING_PWM_OUT_PIN_SetDriveMode
  44          ********************************************************************************
  45          *
  46          * Summary:
  47          *  Change the drive mode on the pins of the port.
  48          * 
  49          * Parameters:  
  50          *  mode:  Change the pins to one of the following drive modes.
C51 COMPILER V9.51   STEERING_PWM_OUT_PIN                                                  03/26/2015 00:49:21 PAGE 2   

  51          *
  52          *  STEERING_PWM_OUT_PIN_DM_STRONG     Strong Drive 
  53          *  STEERING_PWM_OUT_PIN_DM_OD_HI      Open Drain, Drives High 
  54          *  STEERING_PWM_OUT_PIN_DM_OD_LO      Open Drain, Drives Low 
  55          *  STEERING_PWM_OUT_PIN_DM_RES_UP     Resistive Pull Up 
  56          *  STEERING_PWM_OUT_PIN_DM_RES_DWN    Resistive Pull Down 
  57          *  STEERING_PWM_OUT_PIN_DM_RES_UPDWN  Resistive Pull Up/Down 
  58          *  STEERING_PWM_OUT_PIN_DM_DIG_HIZ    High Impedance Digital 
  59          *  STEERING_PWM_OUT_PIN_DM_ALG_HIZ    High Impedance Analog 
  60          *
  61          * Return: 
  62          *  None
  63          *
  64          *******************************************************************************/
  65          void STEERING_PWM_OUT_PIN_SetDriveMode(uint8 mode) 
  66          {
  67   1              CyPins_SetPinDriveMode(STEERING_PWM_OUT_PIN_0, mode);
  68   1      }
  69          
  70          
  71          /*******************************************************************************
  72          * Function Name: STEERING_PWM_OUT_PIN_Read
  73          ********************************************************************************
  74          *
  75          * Summary:
  76          *  Read the current value on the pins of the Digital Port in right justified 
  77          *  form.
  78          *
  79          * Parameters:  
  80          *  None 
  81          *
  82          * Return: 
  83          *  Returns the current value of the Digital Port as a right justified number
  84          *  
  85          * Note:
  86          *  Macro STEERING_PWM_OUT_PIN_ReadPS calls this function. 
  87          *  
  88          *******************************************************************************/
  89          uint8 STEERING_PWM_OUT_PIN_Read(void) 
  90          {
  91   1          return (STEERING_PWM_OUT_PIN_PS & STEERING_PWM_OUT_PIN_MASK) >> STEERING_PWM_OUT_PIN_SHIFT;
  92   1      }
  93          
  94          
  95          /*******************************************************************************
  96          * Function Name: STEERING_PWM_OUT_PIN_ReadDataReg
  97          ********************************************************************************
  98          *
  99          * Summary:
 100          *  Read the current value assigned to a Digital Port's data output register
 101          *
 102          * Parameters:  
 103          *  None 
 104          *
 105          * Return: 
 106          *  Returns the current value assigned to the Digital Port's data output register
 107          *  
 108          *******************************************************************************/
 109          uint8 STEERING_PWM_OUT_PIN_ReadDataReg(void) 
 110          {
 111   1          return (STEERING_PWM_OUT_PIN_DR & STEERING_PWM_OUT_PIN_MASK) >> STEERING_PWM_OUT_PIN_SHIFT;
 112   1      }
C51 COMPILER V9.51   STEERING_PWM_OUT_PIN                                                  03/26/2015 00:49:21 PAGE 3   

 113          
 114          
 115          /* If Interrupts Are Enabled for this Pins component */ 
 116          #if defined(STEERING_PWM_OUT_PIN_INTSTAT) 
              
                  /*******************************************************************************
                  * Function Name: STEERING_PWM_OUT_PIN_ClearInterrupt
                  ********************************************************************************
                  *
                  * Summary:
                  *  Clears any active interrupts attached to port and returns the value of the 
                  *  interrupt status register.
                  *
                  * Parameters:  
                  *  None 
                  *
                  * Return: 
                  *  Returns the value of the interrupt status register
                  *  
                  *******************************************************************************/
                  uint8 STEERING_PWM_OUT_PIN_ClearInterrupt(void) 
                  {
                      return (STEERING_PWM_OUT_PIN_INTSTAT & STEERING_PWM_OUT_PIN_MASK) >> STEERING_PWM_OUT_PIN_SHIFT;
                  }
              
              #endif /* If Interrupts Are Enabled for this Pins component */ 
 139          
 140          
 141          /* [] END OF FILE */
C51 COMPILER V9.51   STEERING_PWM_OUT_PIN                                                  03/26/2015 00:49:21 PAGE 4   

ASSEMBLY LISTING OF GENERATED OBJECT CODE


             ; FUNCTION _STEERING_PWM_OUT_PIN_Write (BEGIN)
                                           ; SOURCE LINE # 35
;---- Variable 'value' assigned to Register 'R7' ----
                                           ; SOURCE LINE # 36
                                           ; SOURCE LINE # 37
0000 905140            MOV     DPTR,#05140H
0003 E0                MOVX    A,@DPTR
0004 54BF              ANL     A,#0BFH
0006 FE                MOV     R6,A
;---- Variable 'staticBits' assigned to Register 'R6' ----
                                           ; SOURCE LINE # 38
0007 EF                MOV     A,R7
0008 C4                SWAP    A
0009 33                RLC     A
000A 33                RLC     A
000B 5440              ANL     A,#040H
000D 4E                ORL     A,R6
000E F0                MOVX    @DPTR,A
                                           ; SOURCE LINE # 39
000F 22                RET     
             ; FUNCTION _STEERING_PWM_OUT_PIN_Write (END)

             ; FUNCTION _STEERING_PWM_OUT_PIN_SetDriveMode (BEGIN)
                                           ; SOURCE LINE # 65
;---- Variable 'mode' assigned to Register 'R7' ----
                                           ; SOURCE LINE # 66
                                           ; SOURCE LINE # 67
0000 EF                MOV     A,R7
0001 540E              ANL     A,#0EH
0003 FF                MOV     R7,A
0004 905026            MOV     DPTR,#05026H
0007 E0                MOVX    A,@DPTR
0008 54F1              ANL     A,#0F1H
000A 4F                ORL     A,R7
000B F0                MOVX    @DPTR,A
                                           ; SOURCE LINE # 68
000C 22                RET     
             ; FUNCTION _STEERING_PWM_OUT_PIN_SetDriveMode (END)

             ; FUNCTION STEERING_PWM_OUT_PIN_Read (BEGIN)
                                           ; SOURCE LINE # 89
                                           ; SOURCE LINE # 90
                                           ; SOURCE LINE # 91
0000 905141            MOV     DPTR,#05141H
0003 E0                MOVX    A,@DPTR
0004 5440              ANL     A,#040H
0006 7E00              MOV     R6,#00H
0008 7806              MOV     R0,#06H
000A         ?C0005:
000A CE                XCH     A,R6
000B C3                CLR     C
000C 13                RRC     A
000D CE                XCH     A,R6
000E 13                RRC     A
000F D8F9              DJNZ    R0,?C0005
0011 FF                MOV     R7,A
                                           ; SOURCE LINE # 92
0012         ?C0003:
0012 22                RET     
C51 COMPILER V9.51   STEERING_PWM_OUT_PIN                                                  03/26/2015 00:49:21 PAGE 5   

             ; FUNCTION STEERING_PWM_OUT_PIN_Read (END)

             ; FUNCTION STEERING_PWM_OUT_PIN_ReadDataReg (BEGIN)
                                           ; SOURCE LINE # 109
                                           ; SOURCE LINE # 110
                                           ; SOURCE LINE # 111
0000 905140            MOV     DPTR,#05140H
0003 E0                MOVX    A,@DPTR
0004 5440              ANL     A,#040H
0006 7E00              MOV     R6,#00H
0008 7806              MOV     R0,#06H
000A         ?C0006:
000A CE                XCH     A,R6
000B C3                CLR     C
000C 13                RRC     A
000D CE                XCH     A,R6
000E 13                RRC     A
000F D8F9              DJNZ    R0,?C0006
0011 FF                MOV     R7,A
                                           ; SOURCE LINE # 112
0012         ?C0004:
0012 22                RET     
             ; FUNCTION STEERING_PWM_OUT_PIN_ReadDataReg (END)



MODULE INFORMATION:   STATIC OVERLAYABLE
   CODE SIZE        =     67    ----
   CONSTANT SIZE    =   ----    ----
   XDATA SIZE       =   ----    ----
   PDATA SIZE       =   ----    ----
   DATA SIZE        =   ----    ----
   IDATA SIZE       =   ----    ----
   BIT SIZE         =   ----    ----
   EDATA SIZE       =   ----    ----
   HDATA SIZE       =   ----    ----
   XDATA CONST SIZE =   ----    ----
   FAR CONST SIZE   =   ----    ----
END OF MODULE INFORMATION.


C51 COMPILATION COMPLETE.  0 WARNING(S),  0 ERROR(S)
